<?xml version="1.0" encoding="UTF-8"?>
<testsuite xmlns:xsi="http://www.w3.org/2001/XMLSchema-instance" xsi:noNamespaceSchemaLocation="https://maven.apache.org/surefire/maven-surefire-plugin/xsd/surefire-test-report-3.0.xsd" version="3.0" name="com.example.tm.SmokeTest" time="6.424" tests="1" errors="0" skipped="0" failures="0">
  <properties>
[...]
</properties>
  <testcase name="contextLoads" classname="com.example.tm.SmokeTest" time="0.168">
    <system-out><![CDATA[15:13:29.268 [main] DEBUG org.springframework.test.context.BootstrapUtils - Instantiating CacheAwareContextLoaderDelegate from class [org.springframework.test.context.cache.DefaultCacheAwareContextLoaderDelegate]
15:13:29.278 [main] DEBUG org.springframework.test.context.BootstrapUtils - Instantiating BootstrapContext using constructor [public org.springframework.test.context.support.DefaultBootstrapContext(java.lang.Class,org.springframework.test.context.CacheAwareContextLoaderDelegate)]
15:13:29.314 [main] DEBUG org.springframework.test.context.BootstrapUtils - Instantiating TestContextBootstrapper for test class [com.example.tm.SmokeTest] from class [org.springframework.boot.test.context.SpringBootTestContextBootstrapper]
15:13:29.354 [main] INFO org.springframework.boot.test.context.SpringBootTestContextBootstrapper - Neither @ContextConfiguration nor @ContextHierarchy found for test class [com.example.tm.SmokeTest], using SpringBootContextLoader
15:13:29.357 [main] DEBUG org.springframework.test.context.support.AbstractContextLoader - Did not detect default resource location for test class [com.example.tm.SmokeTest]: class path resource [com/example/tm/SmokeTest-context.xml] does not exist
15:13:29.357 [main] DEBUG org.springframework.test.context.support.AbstractContextLoader - Did not detect default resource location for test class [com.example.tm.SmokeTest]: class path resource [com/example/tm/SmokeTestContext.groovy] does not exist
15:13:29.357 [main] INFO org.springframework.test.context.support.AbstractContextLoader - Could not detect default resource locations for test class [com.example.tm.SmokeTest]: no resource found for suffixes {-context.xml, Context.groovy}.
15:13:29.359 [main] INFO org.springframework.test.context.support.AnnotationConfigContextLoaderUtils - Could not detect default configuration classes for test class [com.example.tm.SmokeTest]: SmokeTest does not declare any static, non-private, non-final, nested classes annotated with @Configuration.
15:13:29.403 [main] DEBUG org.springframework.test.context.support.ActiveProfilesUtils - Could not find an 'annotation declaring class' for annotation type [org.springframework.test.context.ActiveProfiles] and class [com.example.tm.SmokeTest]
15:13:29.458 [main] DEBUG org.springframework.context.annotation.ClassPathScanningCandidateComponentProvider - Identified candidate component class: file [C:\Users\gekata\Downloads\task-management-labs\task-management-labs\backend\target\classes\com\example\tm\Application.class]
15:13:29.460 [main] INFO org.springframework.boot.test.context.SpringBootTestContextBootstrapper - Found @SpringBootConfiguration com.example.tm.Application for test class com.example.tm.SmokeTest
15:13:29.557 [main] DEBUG org.springframework.boot.test.context.SpringBootTestContextBootstrapper - @TestExecutionListeners is not present for class [com.example.tm.SmokeTest]: using defaults.
15:13:29.558 [main] INFO org.springframework.boot.test.context.SpringBootTestContextBootstrapper - Loaded default TestExecutionListener class names from location [META-INF/spring.factories]: [org.springframework.boot.test.mock.mockito.MockitoTestExecutionListener, org.springframework.boot.test.mock.mockito.ResetMocksTestExecutionListener, org.springframework.boot.test.autoconfigure.restdocs.RestDocsTestExecutionListener, org.springframework.boot.test.autoconfigure.web.client.MockRestServiceServerResetTestExecutionListener, org.springframework.boot.test.autoconfigure.web.servlet.MockMvcPrintOnlyOnFailureTestExecutionListener, org.springframework.boot.test.autoconfigure.web.servlet.WebDriverTestExecutionListener, org.springframework.boot.test.autoconfigure.webservices.client.MockWebServiceServerTestExecutionListener, org.springframework.test.context.web.ServletTestExecutionListener, org.springframework.test.context.support.DirtiesContextBeforeModesTestExecutionListener, org.springframework.test.context.event.ApplicationEventsTestExecutionListener, org.springframework.test.context.support.DependencyInjectionTestExecutionListener, org.springframework.test.context.support.DirtiesContextTestExecutionListener, org.springframework.test.context.transaction.TransactionalTestExecutionListener, org.springframework.test.context.jdbc.SqlScriptsTestExecutionListener, org.springframework.test.context.event.EventPublishingTestExecutionListener]
15:13:29.615 [main] INFO org.springframework.boot.test.context.SpringBootTestContextBootstrapper - Using TestExecutionListeners: [org.springframework.test.context.web.ServletTestExecutionListener@4ce1d6d0, org.springframework.test.context.support.DirtiesContextBeforeModesTestExecutionListener@24111ef1, org.springframework.test.context.event.ApplicationEventsTestExecutionListener@1f3f02ee, org.springframework.boot.test.mock.mockito.MockitoTestExecutionListener@1fde5d22, org.springframework.boot.test.autoconfigure.SpringBootDependencyInjectionTestExecutionListener@5dcb4f5f, org.springframework.test.context.support.DirtiesContextTestExecutionListener@71812481, org.springframework.test.context.transaction.TransactionalTestExecutionListener@16ce702d, org.springframework.test.context.jdbc.SqlScriptsTestExecutionListener@7b94089b, org.springframework.test.context.event.EventPublishingTestExecutionListener@7ca20101, org.springframework.boot.test.mock.mockito.ResetMocksTestExecutionListener@47f9738, org.springframework.boot.test.autoconfigure.restdocs.RestDocsTestExecutionListener@6155d082, org.springframework.boot.test.autoconfigure.web.client.MockRestServiceServerResetTestExecutionListener@3a5ecce3, org.springframework.boot.test.autoconfigure.web.servlet.MockMvcPrintOnlyOnFailureTestExecutionListener@561868a0, org.springframework.boot.test.autoconfigure.web.servlet.WebDriverTestExecutionListener@2ea6e30c, org.springframework.boot.test.autoconfigure.webservices.client.MockWebServiceServerTestExecutionListener@6138e79a]
15:13:29.621 [main] DEBUG org.springframework.test.context.support.AbstractDirtiesContextTestExecutionListener - Before test class: context [DefaultTestContext@289710d9 testClass = SmokeTest, testInstance = [null], testMethod = [null], testException = [null], mergedContextConfiguration = [WebMergedContextConfiguration@5a18cd76 testClass = SmokeTest, locations = '{}', classes = '{class com.example.tm.Application}', contextInitializerClasses = '[]', activeProfiles = '{}', propertySourceLocations = '{}', propertySourceProperties = '{org.springframework.boot.test.context.SpringBootTestContextBootstrapper=true}', contextCustomizers = set[org.springframework.boot.test.context.filter.ExcludeFilterContextCustomizer@2a265ea9, org.springframework.boot.test.json.DuplicateJsonObjectContextCustomizerFactory$DuplicateJsonObjectContextCustomizer@2e8c1c9b, org.springframework.boot.test.mock.mockito.MockitoContextCustomizer@0, org.springframework.boot.test.web.client.TestRestTemplateContextCustomizer@54422e18, org.springframework.boot.test.autoconfigure.actuate.metrics.MetricsExportContextCustomizerFactory$DisableMetricExportContextCustomizer@74d1dc36, org.springframework.boot.test.autoconfigure.properties.PropertyMappingContextCustomizer@0, org.springframework.boot.test.autoconfigure.web.servlet.WebDriverContextCustomizerFactory$Customizer@3ba987b8, org.springframework.boot.test.context.SpringBootTestArgs@1, org.springframework.boot.test.context.SpringBootTestWebEnvironment@50de0926], resourceBasePath = 'src/main/webapp', contextLoader = 'org.springframework.boot.test.context.SpringBootContextLoader', parent = [null]], attributes = map['org.springframework.test.context.web.ServletTestExecutionListener.activateListener' -> true]], class annotated with @DirtiesContext [false] with mode [null].

  .   ____          _            __ _ _
 /\\ / ___'_ __ _ _(_)_ __  __ _ \ \ \ \
( ( )\___ | '_ | '_| | '_ \/ _` | \ \ \ \
 \\/  ___)| |_)| | | | | || (_| |  ) ) ) )
  '  |____| .__|_| |_|_| |_\__, | / / / /
 =========|_|==============|___/=/_/_/_/
 :: Spring Boot ::               (v2.7.18)

2025-10-19 15:13:29.977  INFO 32792 --- [           main] com.example.tm.SmokeTest                 : Starting SmokeTest using Java 17.0.16 on DESKTOP-8L4CVNS with PID 32792 (started by gekata in C:\Users\gekata\Downloads\task-management-labs\task-management-labs\backend)
2025-10-19 15:13:29.978  INFO 32792 --- [           main] com.example.tm.SmokeTest                 : No active profile set, falling back to 1 default profile: "default"
2025-10-19 15:13:30.837  INFO 32792 --- [           main] .s.d.r.c.RepositoryConfigurationDelegate : Bootstrapping Spring Data JPA repositories in DEFAULT mode.
2025-10-19 15:13:30.894  INFO 32792 --- [           main] .s.d.r.c.RepositoryConfigurationDelegate : Finished Spring Data repository scanning in 50 ms. Found 2 JPA repository interfaces.
2025-10-19 15:13:31.565  INFO 32792 --- [           main] o.hibernate.jpa.internal.util.LogHelper  : HHH000204: Processing PersistenceUnitInfo [name: default]
2025-10-19 15:13:31.627  INFO 32792 --- [           main] org.hibernate.Version                    : HHH000412: Hibernate ORM core version 5.6.15.Final
2025-10-19 15:13:31.801  INFO 32792 --- [           main] o.hibernate.annotations.common.Version   : HCANN000001: Hibernate Commons Annotations {5.1.2.Final}
2025-10-19 15:13:31.975  INFO 32792 --- [           main] com.zaxxer.hikari.HikariDataSource       : HikariPool-1 - Starting...
2025-10-19 15:13:32.063  INFO 32792 --- [           main] com.zaxxer.hikari.HikariDataSource       : HikariPool-1 - Start completed.
2025-10-19 15:13:32.087  INFO 32792 --- [           main] org.hibernate.dialect.Dialect            : HHH000400: Using dialect: org.hibernate.dialect.MariaDB53Dialect
2025-10-19 15:13:32.720  INFO 32792 --- [           main] o.h.e.t.j.p.i.JtaPlatformInitiator       : HHH000490: Using JtaPlatform implementation: [org.hibernate.engine.transaction.jta.platform.internal.NoJtaPlatform]
2025-10-19 15:13:32.727  INFO 32792 --- [           main] j.LocalContainerEntityManagerFactoryBean : Initialized JPA EntityManagerFactory for persistence unit 'default'
2025-10-19 15:13:33.758  INFO 32792 --- [           main] o.s.s.web.DefaultSecurityFilterChain     : Will secure any request with [org.springframework.security.web.session.DisableEncodeUrlFilter@2d114d27, org.springframework.security.web.context.request.async.WebAsyncManagerIntegrationFilter@28fef9a2, org.springframework.security.web.context.SecurityContextPersistenceFilter@1859b996, org.springframework.security.web.header.HeaderWriterFilter@4777f71e, org.springframework.security.web.authentication.logout.LogoutFilter@16120270, com.example.tm.security.JwtAuthFilter@7c8f803d, org.springframework.security.web.savedrequest.RequestCacheAwareFilter@2ebcbf9d, org.springframework.security.web.servletapi.SecurityContextHolderAwareRequestFilter@7bfc36d5, org.springframework.security.web.authentication.AnonymousAuthenticationFilter@7dfab58d, org.springframework.security.web.session.SessionManagementFilter@15549dd7, org.springframework.security.web.access.ExceptionTranslationFilter@63846fa4, org.springframework.security.web.access.intercept.FilterSecurityInterceptor@25e203e6]
2025-10-19 15:13:34.026  WARN 32792 --- [           main] JpaBaseConfiguration$JpaWebConfiguration : spring.jpa.open-in-view is enabled by default. Therefore, database queries may be performed during view rendering. Explicitly configure spring.jpa.open-in-view to disable this warning
2025-10-19 15:13:35.262  INFO 32792 --- [           main] o.s.b.a.e.web.EndpointLinksResolver      : Exposing 2 endpoint(s) beneath base path '/actuator'
2025-10-19 15:13:35.335  INFO 32792 --- [           main] com.example.tm.SmokeTest                 : Started SmokeTest in 5.629 seconds (JVM running for 6.776)
]]></system-out>
  </testcase>
</testsuite>